<?xml version="1.0" encoding="UTF-8"?>
<!-- Generated by org.testng.reporters.JUnitReportReporter -->
<testsuite skipped="0" hostname="DESKTOP-HULQI6A" name="runner.comprehensive" tests="10" failures="0" timestamp="2021-09-25T10:36:13 IST" time="163.211" errors="0">
  <testcase name="login" time="36.978" classname="runner.comprehensive"/>
  <system-out/>
  <testcase name="select" time="12.597" classname="runner.comprehensive"/>
  <system-out/>
  <testcase name="Track" time="11.175" classname="runner.comprehensive"/>
  <system-out/>
  <testcase name="store" time="16.236" classname="runner.comprehensive"/>
  <system-out/>
  <testcase name="sale" time="10.730" classname="runner.comprehensive"/>
  <system-out/>
  <testcase name="help" time="1.709" classname="runner.comprehensive"/>
  <system-out/>
  <testcase name="Dining" time="8.141" classname="runner.comprehensive"/>
  <system-out/>
  <testcase name="Collection" time="37.103" classname="runner.comprehensive"/>
  <system-out/>
  <testcase name="kidroom" time="22.907" classname="runner.comprehensive"/>
  <system-out/>
  <testcase name="gift" time="5.635" classname="runner.comprehensive"/>
  <system-out/>
</testsuite> <!-- runner.comprehensive -->
