<?xml version="1.0" encoding="UTF-8"?>
<!-- Generated by org.testng.reporters.JUnitReportReporter -->
<testsuite skipped="0" hostname="DESKTOP-HULQI6A" name="bdd.cucumberrunner" tests="1" failures="0" timestamp="2021-09-25T10:21:46 IST" time="545.655" errors="0">
  <testcase name="feature" time="545.655" classname="bdd.cucumberrunner"/>
  <system-out/>
</testsuite> <!-- bdd.cucumberrunner -->
